
variable prod_steps equal ${steps}
variable prod_steps equal 20000


# Step 4: Run your simulation
run             ${prod_steps}                    # Example: Run for 10,000 timesteps
run             20000                    

CITE-CITE-CITE-CITE-CITE-CITE-CITE-CITE-CITE-CITE-CITE-CITE-CITE

Your simulation uses code contributions which should be cited:

- Type Label Framework: https://doi.org/10.1021/acs.jpcb.3c08419

@Article{Gissinger24,
 author = {Jacob R. Gissinger, Ilia Nikiforov, Yaser Afshar, Brendon Waters, Moon-ki Choi, Daniel S. Karls, Alexander Stukowski, Wonpil Im, Hendrik Heinz, Axel Kohlmeyer, and Ellad B. Tadmor},
 title = {Type Label Framework for Bonded Force Fields in LAMMPS},
 journal = {J. Phys. Chem. B},
 year =    2024,
 volume =  128,
 number =  13,
 pages =   {3282–-3297}
}

CITE-CITE-CITE-CITE-CITE-CITE-CITE-CITE-CITE-CITE-CITE-CITE-CITE

Generated 0 of 0 mixed pair_coeff terms from geometric mixing rule
Neighbor list info ...
  update: every = 1 steps, delay = 0 steps, check = yes
  max neighbors/atom: 2000, page size: 100000
  master list distance cutoff = 4.8
  ghost atom cutoff = 4.8
  binsize = 2.4, bins = 35 9 9
  1 neighbor lists, perpetual/occasional/extra = 1 0 0
  (1) pair yukawa, perpetual
      attributes: half, newton on
      pair build: half/bin/atomonly/newton
      stencil: half/bin/3d
      bin: standard
Per MPI rank memory allocation (min/avg/max) = 45.45 | 45.45 | 45.45 Mbytes
   Step          Temp          PotEng        Density         Press           Pxx            Pyy            Pzz      
         0   0.99169356     18.824594      0.4962         21.019439      21.021842      21.006693      21.029783    
       100   0.98520124     18.834779      0.4962         21.024201      21.033643      21.023237      21.015722    
       200   0.99835409     18.817155      0.4962         21.016999      21.045361      20.999417      21.00622     
       300   0.99514672     18.825052      0.4962         21.021553      21.001419      21.033641      21.0296      
       400   0.99403758     18.830955      0.4962         21.025868      21.023394      21.010556      21.043654    
       500   1.0012092      18.825662      0.4962         21.025549      21.031596      21.018982      21.026069    
       600   1.0003041      18.833024      0.4962         21.029725      21.042398      21.02591       21.020867    
       700   1.0012393      18.836602      0.4962         21.0344        21.053053      21.025783      21.024365    
       800   1.0058203      18.832512      0.4962         21.033341      21.048715      21.008345      21.042963    
       900   1.0029381      18.837423      0.4962         21.035534      21.037868      21.014446      21.054288    
      1000   1.0047501      18.834433      0.4962         21.033924      21.017697      21.044125      21.039949    
      1100   0.99903494     18.842242      0.4962         21.036314      21.024093      21.049956      21.034892    
      1200   1.0117915      18.821449      0.4962         21.027314      20.987908      21.038506      21.055527    
      1300   1.0044994      18.830048      0.4962         21.029624      21.010842      21.016063      21.061968    
      1400   1.0108163      18.818195      0.4962         21.024273      21.031939      21.008375      21.032505    
      1500   1.007925       18.820117      0.4962         21.02452       21.047962      21.035534      20.990063    
      1600   0.99412518     18.838189      0.4962         21.031212      21.010276      21.042541      21.040821    
      1700   1.006346       18.817679      0.4962         21.022604      21.027766      21.044959      20.995087    
      1800   0.999499       18.825732      0.4962         21.02443       21.017063      21.0358        21.020426    
      1900   0.99916325     18.824179      0.4962         21.023055      21.028699      21.011786      21.028679    
      2000   0.99256853     18.832433      0.4962         21.026003      21.024606      21.036424      21.016978    
      2100   0.9971607      18.824219      0.4962         21.021799      21.005856      21.039407      21.020134    
      2200   0.99553012     18.825554      0.4962         21.02228       21.036415      20.998847      21.031579    
      2300   0.99559491     18.824671      0.4962         21.020872      21.036141      20.992896      21.033578    
      2400   0.99928938     18.818444      0.4962         21.018684      21.019772      21.017882      21.0184      
      2500   0.99828594     18.819578      0.4962         21.018687      21.040286      20.995006      21.020769    
      2600   0.99540429     18.824619      0.4962         21.021155      21.011296      21.049619      21.002551    
      2700   0.99490254     18.827496      0.4962         21.023353      21.037893      21.019145      21.01302     
      2800   1.0027629      18.819478      0.4962         21.020623      21.047641      21.00639       21.007839    
      2900   0.99920831     18.83003       0.4962         21.02656       21.03594       21.038228      21.005511    
      3000   1.0047166      18.827544      0.4962         21.028946      21.037409      21.057335      20.992094    
      3100   1.014331       18.818344      0.4962         21.026168      21.049069      21.021865      21.007571    
      3200   0.99957961     18.844262      0.4962         21.03788       21.0524        21.011228      21.050012    
      3300   1.0095262      18.832007      0.4962         21.03439       21.051765      21.052727      20.998677    
      3400   1.0062928      18.838058      0.4962         21.036622      21.030351      21.037058      21.042456    
      3500   1.0029975      18.842874      0.4962         21.039029      21.067902      21.030401      21.018785    
      3600   1.0077462      18.834415      0.4962         21.035506      21.054269      21.026373      21.025876    
      3700   1.0061143      18.834014      0.4962         21.032671      21.013378      21.050135      21.034499    
      3800   1.0043619      18.832533      0.4962         21.032248      21.043937      21.018306      21.034501    
      3900   1.0054156      18.826165      0.4962         21.027422      21.053979      21.018239      21.010048    
      4000   0.99531091     18.836313      0.4962         21.030737      21.028012      21.044591      21.019607    
      4100   0.99451668     18.832482      0.4962         21.026031      21.02281       21.0241        21.031182    
      4200   0.9924333      18.831448      0.4962         21.024251      21.034447      21.02009       21.018214    
      4300   0.99784521     18.82018       0.4962         21.020023      21.016914      21.004996      21.038159    
      4400   0.99022606     18.829554      0.4962         21.022716      21.026585      21.01001       21.031555    
      4500   1.0015903      18.811695      0.4962         21.01524       21.032278      21.009651      21.00379     
      4600   0.99040961     18.828353      0.4962         21.021551      21.020228      21.0199        21.024525    
      4700   1.0034895      18.809624      0.4962         21.014903      21.006649      20.980876      21.057185    
      4800   0.99547826     18.822831      0.4962         21.020546      21.02297       21.020584      21.018085    
      4900   1.0005569      18.816899      0.4962         21.017683      21.041711      20.999767      21.011571    
      5000   1.0016664      18.816976      0.4962         21.018592      21.003605      20.996898      21.055274    
      5100   0.9990479      18.822682      0.4962         21.022152      21.037547      21.022637      21.006273    
      5200   1.002316       18.819606      0.4962         21.019479      21.015516      21.016611      21.026311    
      5300   0.99795901     18.82824       0.4962         21.025109      21.034692      21.039971      21.000663    
      5400   1.0007106      18.82645       0.4962         21.025663      21.045585      21.034327      20.997075    
      5500   0.99596977     18.836501      0.4962         21.030564      21.026809      21.046318      21.018565    
      5600   1.0051173      18.826675      0.4962         21.028688      21.056539      21.001583      21.027942    
      5700   1.0061427      18.830182      0.4962         21.030492      20.996038      21.009025      21.086414    
      5800   1.0100395      18.829904      0.4962         21.032958      21.013508      21.041338      21.044029    
      5900   1.014698       18.828077      0.4962         21.032881      21.040856      21.025783      21.032004    
      6000   1.0145362      18.83239       0.4962         21.036163      21.020115      21.031052      21.057321    
      6100   1.0083254      18.844201      0.4962         21.043341      21.043219      21.081171      21.005632    
      6200   1.0043793      18.85059       0.4962         21.04542       21.044192      21.043381      21.048687    
      6300   1.0061412      18.846765      0.4962         21.043731      21.041093      21.057793      21.032308    
      6400   1.0060387      18.843585      0.4962         21.040902      21.048016      21.051808      21.022881    
      6500   0.99855133     18.848661      0.4962         21.040688      21.026148      21.030524      21.065393    
      6600   1.0006027      18.836973      0.4962         21.032614      21.023461      21.022791      21.051589    
      6700   0.9984536      18.83219       0.4962         21.028101      21.006551      21.037178      21.040575    
      6800   0.99904325     18.826771      0.4962         21.025098      21.033709      21.030391      21.011194    
      6900   0.99916002     18.824295      0.4962         21.023213      21.041258      21.030907      20.997474    
      7000   0.99399605     18.830673      0.4962         21.024402      21.027304      21.039781      21.006122    
      7100   1.0013342      18.819012      0.4962         21.020915      21.043225      21.036249      20.983271    
      7200   0.99251352     18.832118      0.4962         21.026383      21.02813       21.009259      21.04176     
      7300   0.99762796     18.824795      0.4962         21.023953      21.065973      21.007039      20.998846    
      7400   0.99170102     18.834359      0.4962         21.026479      21.040328      21.020773      21.018335    
      7500   0.99485702     18.831214      0.4962         21.026206      21.042803      21.00402       21.031795    
      7600   0.99515483     18.833356      0.4962         21.027933      21.023202      21.028441      21.032157    
      7700   1.0006043      18.829079      0.4962         21.027514      21.019255      21.047798      21.015488    
      7800   0.99571997     18.841288      0.4962         21.034745      21.029366      21.030071      21.044799    
      7900   1.002306       18.836971      0.4962         21.033556      21.035271      21.024647      21.04075     
      8000   1.0051006      18.838468      0.4962         21.035338      21.082661      21.034334      20.989019    
      8100   1.0020773      18.847823      0.4962         21.04155       21.060293      21.054202      21.010156    
      8200   1.006665       18.843637      0.4962         21.040114      21.076059      21.005315      21.038969    
      8300   1.0038624      18.848929      0.4962         21.043876      21.041936      21.050038      21.039655    
      8400   1.0005202      18.854096      0.4962         21.046356      21.037799      21.050584      21.050685    
      8500   0.99883968     18.856027      0.4962         21.047309      21.02601       21.060368      21.05555     
      8600   1.0062289      18.843958      0.4962         21.040951      21.012121      21.051039      21.059693    
      8700   1.0035647      18.84653       0.4962         21.042082      21.037008      21.055409      21.03383     
      8800   1.0027096      18.846273      0.4962         21.042123      21.015952      21.073493      21.036925    
      8900   1.0143594      18.82737       0.4962         21.032431      21.007236      21.041155      21.048901    
      9000   0.99806019     18.8503        0.4962         21.043001      21.021662      21.055731      21.051611    
      9100   0.99641977     18.850762      0.4962         21.041813      21.049997      21.021841      21.0536      
      9200   0.99814596     18.845882      0.4962         21.037817      21.012054      21.063016      21.038383    
      9300   1.0060272      18.83188       0.4962         21.031446      21.013215      21.037245      21.043877    
      9400   1.0004614      18.837569      0.4962         21.033264      21.04981       21.033967      21.016015    
      9500   0.99511574     18.842624      0.4962         21.034843      21.052106      20.998644      21.05378     
      9600   0.99111716     18.846006      0.4962         21.033315      21.054459      21.034869      21.010618    
      9700   0.99481706     18.838275      0.4962         21.031672      21.047177      21.004309      21.043529    
      9800   0.99275187     18.839587      0.4962         21.032181      21.054138      21.02808       21.014324    
      9900   1.0076676      18.81538       0.4962         21.018692      21.022931      21.006051      21.027093    
     10000   0.9991403      18.826366      0.4962         21.024476      21.007541      21.021667      21.044218    
     10100   1.0022933      18.820388      0.4962         21.020704      21.02871       21.015593      21.017809    
     10200   0.99426753     18.831895      0.4962         21.026263      21.04906       21.000414      21.029314    
     10300   1.0006867      18.822534      0.4962         21.021733      21.036165      21.033351      20.995683    
     10400   0.99352926     18.834759      0.4962         21.027691      21.052668      21.015187      21.015219    
     10500   0.99289037     18.83823       0.4962         21.030515      21.034683      21.004745      21.052118    
     10600   0.99654524     18.836357      0.4962         21.030081      21.049486      21.010866      21.029892    
     10700   1.0044986      18.828887      0.4962         21.029119      21.043538      21.014403      21.029416    
     10800   1.0059683      18.831382      0.4962         21.031593      21.048527      21.019244      21.027007    
     10900   1.0004207      18.843476      0.4962         21.037199      21.030191      21.020239      21.061168    
     11000   1.000438       18.846562      0.4962         21.041532      21.027313      21.042269      21.055013    
     11100   0.99885568     18.851802      0.4962         21.043406      21.038831      21.041781      21.049607    
     11200   1.0029949      18.847798      0.4962         21.042609      21.066543      21.039727      21.021557    
     11300   1.0035633      18.848134      0.4962         21.042791      21.074713      21.029013      21.024649    
     11400   1.0096485      18.839279      0.4962         21.039362      21.066968      21.03884       21.012279    
     11500   1.0151089      18.830132      0.4962         21.035025      21.073743      21.020871      21.01046     
     11600   1.0018929      18.84767       0.4962         21.042217      21.037811      21.039453      21.049386    
     11700   1.0063231      18.83705       0.4962         21.036607      21.041829      21.036468      21.031523    
     11800   0.99320804     18.850277      0.4962         21.041462      21.036223      21.044767      21.043395    
     11900   0.99332291     18.841505      0.4962         21.032962      21.059849      21.020008      21.01903     
     12000   0.99205551     18.835535      0.4962         21.027757      21.020426      21.04422       21.018624    
     12100   0.98423856     18.842538      0.4962         21.029527      21.039912      21.020349      21.02832     
     12200   0.99605068     18.822992      0.4962         21.01999       21.001985      21.024612      21.033372    
     12300   0.99647985     18.822465      0.4962         21.020613      21.020501      21.034271      21.007069    
     12400   0.99184935     18.830454      0.4962         21.022507      21.050112      21.019155      20.998255    
     12500   0.99462743     18.82815       0.4962         21.022977      21.024999      21.022511      21.02142     
     12600   0.99328198     18.832619      0.4962         21.026401      21.032358      21.05227       20.994576    
     12700   0.98927507     18.842         0.4962         21.031913      21.048246      21.031497      21.015996    
     12800   0.99372325     18.839524      0.4962         21.03227       21.034852      21.055636      21.006323    
     12900   0.99272397     18.84559       0.4962         21.036248      21.055981      21.037834      21.014928    
     13000   1.005094       18.831761      0.4962         21.032484      21.045739      21.049711      21.002003    
     13100   0.99814565     18.845957      0.4962         21.038474      21.03459       21.053771      21.027061    
     13200   0.99725152     18.850314      0.4962         21.041473      21.084356      21.009536      21.030526    
     13300   1.0065001      18.838891      0.4962         21.038858      21.06272       21.033153      21.020701    
     13400   1.0036832      18.844843      0.4962         21.041684      21.110626      21.01166       21.002767    
     13500   1.0008699      18.849765      0.4962         21.04418       21.06318       21.051085      21.018276    
     13600   1.0056523      18.842609      0.4962         21.040798      21.047422      21.030115      21.044857    
     13700   0.99625348     18.856069      0.4962         21.044287      21.063779      21.045896      21.023185    
     13800   1.0035307      18.844292      0.4962         21.039885      21.042313      21.058515      21.018826    
     13900   1.0070617      18.837705      0.4962         21.03664       21.030861      21.037733      21.041326    
     14000   1.006527       18.836761      0.4962         21.03573       21.028044      21.026557      21.052589    
     14100   0.99185882     18.856007      0.4962         21.042628      21.052448      21.039217      21.03622     
     14200   0.99865918     18.841804      0.4962         21.035526      21.02896       21.045876      21.031742    
     14300   1.0044927      18.826988      0.4962         21.028389      21.026006      21.038655      21.020507    
     14400   0.99657761     18.831803      0.4962         21.028505      21.042723      21.031574      21.011218    
     14500   0.9950727      18.828087      0.4962         21.023035      21.010238      21.027036      21.031831    
     14600   0.99219814     18.828701      0.4962         21.022928      21.036802      21.021944      21.010037    
     14700   0.99552472     18.822137      0.4962         21.01963       21.053963      21.000322      21.004605    
     14800   0.99247363     18.826545      0.4962         21.020495      21.021257      21.010846      21.029381    
     14900   0.99833245     18.818962      0.4962         21.018559      21.0115        21.044357      20.999821    
     15000   0.99163743     18.831134      0.4962         21.025244      21.039499      21.028102      21.008131    
     15100   0.9948779      18.828838      0.4962         21.024667      21.032606      21.032811      21.008583    
     15200   0.98807054     18.841851      0.4962         21.029965      21.049128      21.029068      21.011701    
     15300   0.98933317     18.842866      0.4962         21.031729      21.009513      21.055264      21.030411    
     15400   0.99902162     18.831407      0.4962         21.028407      21.016699      21.038166      21.030357    
     15500   0.99688589     18.83724       0.4962         21.031544      21.049131      21.014178      21.031322    
     15600   0.99192254     18.846595      0.4962         21.036102      21.054662      21.03681       21.016834    
     15700   0.99978086     18.83655       0.4962         21.033249      21.022228      21.029161      21.048357    
     15800   1.0002955      18.837935      0.4962         21.032502      21.054538      21.0061        21.036869    
     15900   1.0033323      18.835835      0.4962         21.033893      21.021295      21.032024      21.048361    
     16000   0.99677672     18.847505      0.4962         21.038818      21.016784      21.025828      21.073841    
     16100   0.99794435     18.84738       0.4962         21.039175      21.070659      21.023641      21.023226    
     16200   1.0027348      18.841933      0.4962         21.038136      21.061358      21.018709      21.034342    
     16300   1.0048418      18.839988      0.4962         21.037729      21.029936      21.036619      21.046633    
     16400   0.99804073     18.851039      0.4962         21.041971      21.054426      21.023343      21.048142    
     16500   0.99983312     18.848734      0.4962         21.041984      21.082131      21.018551      21.02527     
     16600   1.0015329      18.846246      0.4962         21.041573      21.007566      21.080323      21.036829    
     16700   1.0013218      18.846075      0.4962         21.04015       21.055241      21.025559      21.03965     
     16800   0.99300161     18.857206      0.4962         21.044451      21.035387      21.021884      21.076081    
     16900   1.0022853      18.840456      0.4962         21.037246      21.055338      21.03135       21.025052    
     17000   1.0008234      18.838394      0.4962         21.034498      21.072036      21.014918      21.01654     
     17100   1.0005824      18.833302      0.4962         21.029988      21.05545       21.028268      21.006247    
     17200   1.0023147      18.825005      0.4962         21.02469       21.070404      21.035668      20.967998    
     17300   1.0056002      18.81507       0.4962         21.019085      21.055793      21.018645      20.982817    
     17400   1.0004135      18.818724      0.4962         21.019168      21.017682      21.024804      21.015019    
     17500   0.99929844     18.817492      0.4962         21.017625      21.032125      21.019496      21.001254    
     17600   1.0009899      18.812973      0.4962         21.015947      20.995742      21.051281      21.000819    
     17700   0.99856891     18.815162      0.4962         21.017083      21.018431      21.043326      20.989493    
     17800   0.99421374     18.821165      0.4962         21.019103      21.008164      21.028754      21.020393    
     17900   0.99704876     18.817629      0.4962         21.017489      21.014935      21.015727      21.021806    
     18000   0.98938287     18.830753      0.4962         21.023263      21.02447       21.033697      21.011622    
     18100   1.0021026      18.814465      0.4962         21.017007      21.039902      21.002439      21.00868     
     18200   0.99567129     18.828077      0.4962         21.02402       21.023735      21.016576      21.031748    
     18300   0.99380153     18.836134      0.4962         21.030064      21.019246      21.02597       21.044975    
     18400   1.0015897      18.831036      0.4962         21.029816      21.046764      21.022559      21.020124    
     18500   1.0005358      18.839876      0.4962         21.035476      21.057534      21.034822      21.014073    
     18600   1.0097822      18.832002      0.4962         21.033956      21.04668       21.033813      21.021374    
     18700   1.0120058      18.831902      0.4962         21.034128      21.046061      21.050655      21.005668    
     18800   1.0107935      18.835072      0.4962         21.0373        21.030158      21.057574      21.024167    
     18900   1.0063999      18.841743      0.4962         21.040315      21.062561      21.047167      21.011218    
     19000   1.0050223      18.843108      0.4962         21.040855      21.051818      21.057808      21.012939    
     19100   1.0003888      18.848593      0.4962         21.0422        21.047258      21.029899      21.049443    
     19200   1.0127713      18.827771      0.4962         21.032763      21.017337      21.041815      21.039137    
     19300   1.006642       18.833682      0.4962         21.034285      21.031213      21.021904      21.049738    
     19400   0.99886438     18.841737      0.4962         21.035123      21.025014      21.039291      21.041064    
     19500   1.0060338      18.827637      0.4962         21.028966      21.041451      21.033174      21.012273    
     19600   1.0064254      18.823345      0.4962         21.025072      21.000393      21.037173      21.03765     
     19700   1.0026485      18.825312      0.4962         21.025733      21.010679      21.018505      21.048016    
     19800   1.0064017      18.816222      0.4962         21.019626      21.030297      21.012352      21.01623     
     19900   0.99967737     18.823457      0.4962         21.02307       21.011475      21.042906      21.014829    
     20000   0.99892835     18.822772      0.4962         21.021586      21.059891      21.008342      20.996526    
Loop time of 807.69 on 16 procs for 20000 steps with 17453 atoms

Performance: 10697.170 tau/day, 24.762 timesteps/s, 432.171 katom-step/s
99.7% CPU use with 1 MPI tasks x 16 OpenMP threads

MPI task timing breakdown:
Section |  min time  |  avg time  |  max time  |%varavg| %total
---------------------------------------------------------------
Pair    | 664.92     | 664.92     | 664.92     |   0.0 | 82.32
Neigh   | 134.95     | 134.95     | 134.95     |   0.0 | 16.71
Comm    | 3.0057     | 3.0057     | 3.0057     |   0.0 |  0.37
Output  | 0.014982   | 0.014982   | 0.014982   |   0.0 |  0.00
Modify  | 3.2608     | 3.2608     | 3.2608     |   0.0 |  0.40
Other   |            | 1.536      |            |       |  0.19

Nlocal:          17453 ave       17453 max       17453 min
Histogram: 1 0 0 0 0 0 0 0 0 0
Nghost:          24376 ave       24376 max       24376 min
Histogram: 1 0 0 0 0 0 0 0 0 0
Neighs:    2.00373e+06 ave 2.00373e+06 max 2.00373e+06 min
Histogram: 1 0 0 0 0 0 0 0 0 0

Total # of neighbors = 2003734
Ave neighs/atom = 114.80743
Neighbor list builds = 2953
Dangerous builds = 0
Total wall time: 0:13:27
